TN:
SF:src/MerkleERC721TokenLinearERC20MintVesting.sol
FN:25,MerkleERC721TokenLinearERC20MintVesting.beneficiary
FNDA:268,MerkleERC721TokenLinearERC20MintVesting.beneficiary
DA:26,784
DA:26,784
DA:26,784
FNF:1
FNH:1
LF:1
LH:1
BRF:0
BRH:0
end_of_record
TN:
SF:src/MerkleERC721TokenLinearERC20TransferVesting.sol
FN:25,MerkleERC721TokenLinearERC20TransferVesting.beneficiary
FNDA:268,MerkleERC721TokenLinearERC20TransferVesting.beneficiary
DA:26,784
DA:26,784
DA:26,784
FNF:1
FNH:1
LF:1
LH:1
BRF:0
BRH:0
end_of_record
TN:
SF:src/MultiERC721TokenLinearERC20MintVesting.sol
FN:19,MultiERC721TokenLinearERC20MintVesting.beneficiary
FNDA:268,MultiERC721TokenLinearERC20MintVesting.beneficiary
DA:20,784
DA:20,784
DA:20,784
FNF:1
FNH:1
LF:1
LH:1
BRF:0
BRH:0
end_of_record
TN:
SF:src/MultiERC721TokenLinearERC20TransferVesting.sol
FN:18,MultiERC721TokenLinearERC20TransferVesting.beneficiary
FNDA:268,MultiERC721TokenLinearERC20TransferVesting.beneficiary
DA:19,784
DA:19,784
DA:19,784
FNF:1
FNH:1
LF:1
LH:1
BRF:0
BRH:0
end_of_record
TN:
SF:src/SingleBeneficiaryLinearERC20TransferVesting.sol
FN:10,SingleBeneficiaryLinearERC20TransferVesting.__SingleBeneficiaryLinearERC20TransferVesting_init
FNDA:268,SingleBeneficiaryLinearERC20TransferVesting.__SingleBeneficiaryLinearERC20TransferVesting_init
DA:17,268
DA:17,268
DA:18,268
DA:18,268
FN:36,SingleBeneficiaryLinearERC20TransferVestingProxy.initialize
FNDA:268,SingleBeneficiaryLinearERC20TransferVestingProxy.initialize
DA:40,268
DA:40,268
FNF:2
FNH:2
LF:3
LH:3
BRF:0
BRH:0
end_of_record
TN:
SF:src/managed/JITSingleBeneficiaryLinearERC20TransferVestingManager.sol
FN:24,JITSingleBeneficiaryLinearERC20TransferVestingManager.getAddress
FNDA:0,JITSingleBeneficiaryLinearERC20TransferVestingManager.getAddress
DA:29,0
DA:29,0
DA:29,0
FN:34,JITSingleBeneficiaryLinearERC20TransferVestingManager.createVesting
FNDA:268,JITSingleBeneficiaryLinearERC20TransferVestingManager.createVesting
DA:35,268
DA:35,268
DA:35,268
DA:38,268
DA:38,268
DA:39,268
DA:39,268
FN:42,JITSingleBeneficiaryLinearERC20TransferVestingManager.release
FNDA:0,JITSingleBeneficiaryLinearERC20TransferVestingManager.release
DA:43,0
DA:43,0
DA:44,0
DA:44,0
DA:45,0
DA:45,0
DA:45,0
DA:46,0
DA:46,0
DA:47,0
DA:47,0
FNF:3
FNH:1
LF:9
LH:3
BRF:0
BRH:0
end_of_record
TN:
SF:src/rewards/ERC20MintReward.sol
FN:12,ERC20MintReward.__ERC20MintReward_init
FNDA:0,ERC20MintReward.__ERC20MintReward_init
DA:13,0
DA:13,0
DA:13,0
DA:14,0
DA:14,0
FN:17,ERC20MintReward.token
FNDA:1072,ERC20MintReward.token
DA:18,3130
DA:18,3130
DA:18,3130
DA:19,3130
DA:19,3130
DA:19,3130
FN:22,ERC20MintReward._reward
FNDA:2058,ERC20MintReward._reward
DA:23,2058
DA:23,2058
DA:24,2058
DA:24,2058
FNF:3
FNH:2
LF:6
LH:4
BRF:0
BRH:0
end_of_record
TN:
SF:src/rewards/ERC20TransferReward.sol
FN:12,ERC20TransferReward.__ERC20TransferReward_init
FNDA:268,ERC20TransferReward.__ERC20TransferReward_init
DA:13,268
DA:13,268
DA:13,268
DA:14,268
DA:14,268
FN:17,ERC20TransferReward.token
FNDA:1072,ERC20TransferReward.token
DA:18,3130
DA:18,3130
DA:18,3130
DA:19,3130
DA:19,3130
FN:22,ERC20TransferReward._reward
FNDA:2058,ERC20TransferReward._reward
DA:23,2058
DA:23,2058
DA:24,2058
DA:24,2058
FNF:3
FNH:3
LF:6
LH:6
BRF:0
BRH:0
end_of_record
TN:
SF:src/storage/AddressReleasedStorage.sol
FN:11,AddressReleasedStorage.getStorage
FNDA:3618,AddressReleasedStorage.getStorage
DA:12,3618
DA:12,3618
DA:14,3618
DA:14,3618
FNF:1
FNH:1
LF:2
LH:2
BRF:0
BRH:0
end_of_record
TN:
SF:src/storage/BeneficiaryStorage.sol
FN:11,BeneficiaryStorage.getStorage
FNDA:1828,BeneficiaryStorage.getStorage
DA:12,1828
DA:12,1828
DA:14,1828
DA:14,1828
FNF:1
FNH:1
LF:2
LH:2
BRF:0
BRH:0
end_of_record
TN:
SF:src/storage/ERC20RewardStorage.sol
FN:13,ERC20RewardStorage.getStorage
FNDA:6528,ERC20RewardStorage.getStorage
DA:14,6528
DA:14,6528
DA:16,6528
DA:16,6528
FNF:1
FNH:1
LF:2
LH:2
BRF:0
BRH:0
end_of_record
TN:
SF:src/storage/LinearVestingStorage.sol
FN:13,LinearVestingStorage.getStorage
FNDA:40710,LinearVestingStorage.getStorage
DA:14,40710
DA:14,40710
DA:16,40710
DA:16,40710
FNF:1
FNH:1
LF:2
LH:2
BRF:0
BRH:0
end_of_record
TN:
SF:src/storage/MerkleStorage.sol
FN:11,MerkleStorage.getStorage
FNDA:7248,MerkleStorage.getStorage
DA:12,7248
DA:12,7248
DA:14,7248
DA:14,7248
FNF:1
FNH:1
LF:2
LH:2
BRF:0
BRH:0
end_of_record
TN:
SF:src/storage/ReleasedStorage.sol
FN:11,ReleasedStorage.getStorage
FNDA:3606,ReleasedStorage.getStorage
DA:12,3606
DA:12,3606
DA:14,3606
DA:14,3606
FNF:1
FNH:1
LF:2
LH:2
BRF:0
BRH:0
end_of_record
TN:
SF:src/storage/TokenReleasedStorage.sol
FN:11,TokenReleasedStorage.getStorage
FNDA:7256,TokenReleasedStorage.getStorage
DA:12,7256
DA:12,7256
DA:14,7256
DA:14,7256
FNF:1
FNH:1
LF:2
LH:2
BRF:0
BRH:0
end_of_record
TN:
SF:src/vesting/AddressReleased.sol
FN:9,AddressReleased.__AddressReleased_init
FNDA:0,AddressReleased.__AddressReleased_init
FN:11,AddressReleased.released
FNDA:514,AddressReleased.released
DA:12,2590
DA:12,2590
DA:12,2590
DA:13,2590
DA:13,2590
FN:16,AddressReleased.releasable
FNDA:1048,AddressReleased.releasable
DA:17,2076
DA:17,2076
DA:17,2076
DA:17,2076
DA:17,2076
FN:20,AddressReleased._release
FNDA:1028,AddressReleased._release
DA:21,1028
DA:21,1028
DA:21,1028
DA:22,1028
DA:22,1028
DA:22,1028
DA:23,1028
DA:23,1028
DA:24,1028
DA:24,1028
FNF:4
FNH:3
LF:7
LH:7
BRF:0
BRH:0
end_of_record
TN:
SF:src/vesting/Beneficiary.sol
FN:7,Beneficiary.__Beneficiary_init
FNDA:268,Beneficiary.__Beneficiary_init
DA:8,268
DA:8,268
DA:8,268
DA:9,268
DA:9,268
FN:12,Beneficiary.beneficiary
FNDA:536,Beneficiary.beneficiary
DA:13,1560
DA:13,1560
DA:13,1560
DA:14,1560
DA:14,1560
FNF:2
FNH:2
LF:4
LH:4
BRF:0
BRH:0
end_of_record
TN:
SF:src/vesting/LinearVesting.sol
FN:9,LinearVesting.__LinearVesting_init
FNDA:268,LinearVesting.__LinearVesting_init
DA:10,268
DA:10,268
DA:10,268
DA:11,268
DA:11,268
DA:12,268
DA:12,268
DA:13,268
DA:13,268
FN:16,LinearVesting.amount
FNDA:2144,LinearVesting.amount
DA:17,8474
DA:17,8474
DA:17,8474
DA:18,8474
DA:18,8474
FN:21,LinearVesting.start
FNDA:2144,LinearVesting.start
DA:22,20137
DA:22,20137
DA:22,20137
DA:23,20137
DA:23,20137
FN:26,LinearVesting.duration
FNDA:2144,LinearVesting.duration
DA:27,11831
DA:27,11831
DA:27,11831
DA:28,11831
DA:28,11831
FN:32,LinearVesting._vestingUnlocked
FNDA:8306,LinearVesting._vestingUnlocked
DA:33,8306
DA:33,8306
DA:33,8306
BRDA:33,0,0,1976
BRDA:33,0,1,6330
DA:34,1976
DA:34,1976
DA:35,6330
DA:35,6330
BRDA:35,1,0,2973
BRDA:35,1,1,3357
DA:36,2973
DA:36,2973
DA:36,2973
DA:38,3357
DA:38,3357
DA:38,3357
DA:38,3357
FNF:5
FNH:5
LF:15
LH:15
BRF:4
BRH:4
end_of_record
TN:
SF:src/vesting/Merkle.sol
FN:9,Merkle.__Merkle_init
FNDA:0,Merkle.__Merkle_init
DA:10,0
DA:10,0
DA:10,0
DA:11,0
DA:11,0
FN:14,Merkle.merkletreeRoot
FNDA:1072,Merkle.merkletreeRoot
DA:15,7248
DA:15,7248
DA:15,7248
DA:16,7248
DA:16,7248
FNF:2
FNH:1
LF:4
LH:2
BRF:0
BRH:0
end_of_record
TN:
SF:src/vesting/Released.sol
FN:9,Released.__Released_init
FNDA:268,Released.__Released_init
FN:11,Released.released
FNDA:512,Released.released
DA:12,2582
DA:12,2582
DA:12,2582
DA:13,2582
DA:13,2582
FN:16,Released.releasable
FNDA:1046,Released.releasable
DA:17,2070
DA:17,2070
DA:17,2070
DA:17,2070
DA:17,2070
FN:20,Released._release
FNDA:1024,Released._release
DA:21,1024
DA:21,1024
DA:21,1024
DA:22,1024
DA:22,1024
DA:22,1024
DA:23,1024
DA:23,1024
DA:24,1024
DA:24,1024
FNF:4
FNH:4
LF:7
LH:7
BRF:0
BRH:0
end_of_record
TN:
SF:src/vesting/TokenReleased.sol
FN:9,TokenReleased.__TokenReleased_init
FNDA:0,TokenReleased.__TokenReleased_init
FN:13,TokenReleased.released
FNDA:1032,TokenReleased.released
DA:14,5192
DA:14,5192
DA:14,5192
DA:15,5192
DA:15,5192
FN:18,TokenReleased.releasable
FNDA:2096,TokenReleased.releasable
DA:19,4160
DA:19,4160
DA:19,4160
DA:19,4160
DA:19,4160
FN:22,TokenReleased._release
FNDA:2064,TokenReleased._release
DA:23,2064
DA:23,2064
DA:23,2064
DA:24,2064
DA:24,2064
DA:24,2064
DA:25,2064
DA:25,2064
DA:26,2064
DA:26,2064
FNF:4
FNH:3
LF:7
LH:7
BRF:0
BRH:0
end_of_record
TN:
SF:src/vesting/extensions/MerkleAddressLinearVesting.sol
FN:11,MerkleAddressLinearVesting.__MerkleAddressLinearVesting_init
FNDA:0,MerkleAddressLinearVesting.__MerkleAddressLinearVesting_init
DA:17,0
DA:17,0
DA:18,0
DA:18,0
DA:19,0
DA:19,0
FN:22,MerkleAddressLinearVesting.release
FNDA:1542,MerkleAddressLinearVesting.release
DA:23,1542
DA:23,1542
BRDA:23,0,0,514
BRDA:23,0,1,1028
DA:24,514
DA:24,514
DA:27,1028
DA:27,1028
FN:30,MerkleAddressLinearVesting.verifyAddress
FNDA:1542,MerkleAddressLinearVesting.verifyAddress
DA:31,3084
DA:31,3084
DA:31,3084
DA:32,3084
DA:32,3084
DA:32,3084
FNF:3
FNH:2
LF:8
LH:5
BRF:2
BRH:2
end_of_record
TN:
SF:src/vesting/extensions/MerkleTokenLinearVesting.sol
FN:11,MerkleTokenLinearVesting.__MerkleTokenLinearVesting_init
FNDA:0,MerkleTokenLinearVesting.__MerkleTokenLinearVesting_init
DA:14,0
DA:14,0
DA:15,0
DA:15,0
DA:16,0
DA:16,0
FN:19,MerkleTokenLinearVesting.release
FNDA:1546,MerkleTokenLinearVesting.release
DA:20,1546
DA:20,1546
BRDA:20,0,0,514
BRDA:20,0,1,1032
DA:21,514
DA:21,514
DA:24,1032
DA:24,1032
FN:27,MerkleTokenLinearVesting.verifyTokenId
FNDA:1546,MerkleTokenLinearVesting.verifyTokenId
DA:28,3092
DA:28,3092
DA:28,3092
DA:29,3092
DA:29,3092
DA:29,3092
FNF:3
FNH:2
LF:8
LH:5
BRF:2
BRH:2
end_of_record
TN:
SF:src/vesting/extensions/MultiTokenLinearVesting.sol
FN:8,MultiTokenLinearVesting.__MultiTokenLinearVesting_init
FNDA:0,MultiTokenLinearVesting.__MultiTokenLinearVesting_init
DA:9,0
DA:9,0
DA:10,0
DA:10,0
FN:13,MultiTokenLinearVesting.release
FNDA:1032,MultiTokenLinearVesting.release
DA:14,1032
DA:14,1032
FNF:2
FNH:1
LF:3
LH:1
BRF:0
BRH:0
end_of_record
TN:
SF:src/vesting/extensions/SingleBeneficiaryLinearVesting.sol
FN:9,SingleBeneficiaryLinearVesting.__SingleBeneficiaryLinearVesting_init
FNDA:268,SingleBeneficiaryLinearVesting.__SingleBeneficiaryLinearVesting_init
DA:15,268
DA:15,268
DA:16,268
DA:16,268
DA:17,268
DA:17,268
FN:20,SingleBeneficiaryLinearVesting.release
FNDA:1024,SingleBeneficiaryLinearVesting.release
DA:21,1024
DA:21,1024
FNF:2
FNH:2
LF:4
LH:4
BRF:0
BRH:0
end_of_record
TN:
SF:test/mocks/ERC20Mock.sol
FN:10,ERC20Mock.mint
FNDA:6725,ERC20Mock.mint
DA:11,6725
DA:11,6725
FNF:1
FNH:1
LF:1
LH:1
BRF:0
BRH:0
end_of_record
TN:
SF:test/mocks/ERC721Mock.sol
FN:9,ERC721Mock.mint
FNDA:5746,ERC721Mock.mint
DA:10,5746
DA:10,5746
FNF:1
FNH:1
LF:1
LH:1
BRF:0
BRH:0
end_of_record
